[2019-06-21 16:20:56] START
[2019-06-21 16:21:41] CREATE basics.py: 0
[2019-06-21 16:23:34] EDIT pluralsight/controllers/basics.py: 4
[2019-06-21 16:24:05] CREATE basics.html: 0
[2019-06-21 16:24:32] CREATE basics/helloworld.html: 0
[2019-06-21 16:26:41] EDIT pluralsight/views/basics/helloworld.html: 4
[2019-06-21 16:28:04] EDIT pluralsight/views/basics/helloworld.html: -2
[2019-06-21 16:28:55] EDIT pluralsight/views/basics/helloworld.html: 3
[2019-06-21 16:36:56] EDIT pluralsight/controllers/basics.py: 5
[2019-06-21 16:37:23] CREATE basics/request_args.html: 0
[2019-06-21 16:40:10] EDIT pluralsight/views/basics/request_args.html: 2
[2019-06-21 16:41:38] EDIT pluralsight/views/basics/request_args.html: 0
[2019-06-21 16:41:55] EDIT pluralsight/controllers/basics.py: 0
[2019-06-21 16:50:53] EDIT pluralsight/controllers/basics.py: 4
[2019-06-21 16:51:34] EDIT pluralsight/controllers/basics.py: 0
[2019-06-21 16:52:39] EDIT pluralsight/controllers/basics.py: 5
[2019-06-21 16:53:10] CREATE basics/request_vars.html: 0
[2019-06-21 16:55:26] EDIT pluralsight/views/basics/request_vars.html: 4
[2019-06-21 16:55:58] EDIT pluralsight/views/basics/request_vars.html: 3
[2019-06-21 16:59:01] EDIT pluralsight/controllers/basics.py: 0
[2019-06-21 17:01:24] EDIT pluralsight/controllers/basics.py: 10
[2019-06-21 17:02:27] CREATE basics/request_object.html: 0
[2019-06-21 17:05:56] EDIT pluralsight/views/basics/request_object.html: 9
[2019-06-23 17:00:54] EDIT pluralsight/controllers/basics.py: 1
[2019-06-23 17:01:23] EDIT pluralsight/controllers/basics.py: 0
[2019-06-23 17:01:37] EDIT pluralsight/controllers/basics.py: 0
[2019-06-23 17:10:55] EDIT pluralsight/controllers/basics.py: 8
[2019-06-23 17:13:14] EDIT pluralsight/controllers/basics.py: 4
[2019-06-23 17:14:37] CREATE basics/random_number.html: 0
[2019-06-23 17:16:40] EDIT pluralsight/views/basics/random_number.html: 5
